  Component.cpp
c:\users\b407_11\documents\github\2019hongik_oop-2\componentbased\screen\component.h(14): error C3646: 'compName': 알 수 없는 재정의 지정자입니다.
c:\users\b407_11\documents\github\2019hongik_oop-2\componentbased\screen\component.h(14): error C4430: 형식 지정자가 없습니다. int로 가정합니다. 참고: C++에서는 기본 int를 지원하지 않습니다.
c:\users\b407_11\documents\github\2019hongik_oop-2\componentbased\screen\component.h(17): error C2143: 구문 오류: ';'이(가) '<' 앞에 없습니다.
c:\users\b407_11\documents\github\2019hongik_oop-2\componentbased\screen\component.h(17): error C4430: 형식 지정자가 없습니다. int로 가정합니다. 참고: C++에서는 기본 int를 지원하지 않습니다.
c:\users\b407_11\documents\github\2019hongik_oop-2\componentbased\screen\component.h(17): error C2238: ';' 앞에 예기치 않은 토큰이 있습니다.
c:\users\b407_11\documents\github\2019hongik_oop-2\componentbased\screen\component.h(28): error C2061: 구문 오류: 식별자 'string'
c:\users\b407_11\documents\github\2019hongik_oop-2\componentbased\screen\component.h(30): error C2061: 구문 오류: 식별자 'string'
c:\users\b407_11\documents\github\2019hongik_oop-2\componentbased\screen\component.h(33): error C2143: 구문 오류: ';'이(가) '<' 앞에 없습니다.
c:\users\b407_11\documents\github\2019hongik_oop-2\componentbased\screen\component.h(33): error C4430: 형식 지정자가 없습니다. int로 가정합니다. 참고: C++에서는 기본 int를 지원하지 않습니다.
c:\users\b407_11\documents\github\2019hongik_oop-2\componentbased\screen\component.h(33): error C2086: 'int Component::vector': 재정의
  c:\users\b407_11\documents\github\2019hongik_oop-2\componentbased\screen\component.h(17): note: 'Component::vector' 선언을 참조하십시오.
c:\users\b407_11\documents\github\2019hongik_oop-2\componentbased\screen\component.h(33): error C2238: ';' 앞에 예기치 않은 토큰이 있습니다.
c:\users\b407_11\documents\github\2019hongik_oop-2\componentbased\screen\gameobject.h(24): error C2143: 구문 오류: ';'이(가) '<' 앞에 없습니다.
c:\users\b407_11\documents\github\2019hongik_oop-2\componentbased\screen\gameobject.h(24): error C4430: 형식 지정자가 없습니다. int로 가정합니다. 참고: C++에서는 기본 int를 지원하지 않습니다.
c:\users\b407_11\documents\github\2019hongik_oop-2\componentbased\screen\gameobject.h(24): error C2238: ';' 앞에 예기치 않은 토큰이 있습니다.
c:\users\b407_11\documents\github\2019hongik_oop-2\componentbased\screen\gameobject.h(25): error C2143: 구문 오류: ';'이(가) '<' 앞에 없습니다.
c:\users\b407_11\documents\github\2019hongik_oop-2\componentbased\screen\gameobject.h(25): error C4430: 형식 지정자가 없습니다. int로 가정합니다. 참고: C++에서는 기본 int를 지원하지 않습니다.
c:\users\b407_11\documents\github\2019hongik_oop-2\componentbased\screen\gameobject.h(25): error C2086: 'int GameObject::vector': 재정의
  c:\users\b407_11\documents\github\2019hongik_oop-2\componentbased\screen\gameobject.h(24): note: 'GameObject::vector' 선언을 참조하십시오.
c:\users\b407_11\documents\github\2019hongik_oop-2\componentbased\screen\gameobject.h(25): error C2238: ';' 앞에 예기치 않은 토큰이 있습니다.
c:\users\b407_11\documents\github\2019hongik_oop-2\componentbased\screen\gameobject.h(26): error C2143: 구문 오류: ';'이(가) '<' 앞에 없습니다.
c:\users\b407_11\documents\github\2019hongik_oop-2\componentbased\screen\gameobject.h(26): error C4430: 형식 지정자가 없습니다. int로 가정합니다. 참고: C++에서는 기본 int를 지원하지 않습니다.
c:\users\b407_11\documents\github\2019hongik_oop-2\componentbased\screen\gameobject.h(26): error C2238: ';' 앞에 예기치 않은 토큰이 있습니다.
c:\users\b407_11\documents\github\2019hongik_oop-2\componentbased\screen\utils.h(17): warning C4244: '초기화 중': 'int'에서 'float'(으)로 변환하면서 데이터가 손실될 수 있습니다.
c:\users\b407_11\documents\github\2019hongik_oop-2\componentbased\screen\utils.h(18): warning C4244: '인수': 'const float'에서 'int'(으)로 변환하면서 데이터가 손실될 수 있습니다.
c:\users\b407_11\documents\github\2019hongik_oop-2\componentbased\screen\utils.h(36): error C2398: 요소 '1': 'float'에서 'int'(으)로의 변환에는 축소 변환이 필요합니다.
c:\users\b407_11\documents\github\2019hongik_oop-2\componentbased\screen\utils.h(36): error C2398: 요소 '2': 'float'에서 'int'(으)로의 변환에는 축소 변환이 필요합니다.
c:\users\b407_11\documents\github\2019hongik_oop-2\componentbased\screen\utils.h(36): warning C4244: '인수': 'float'에서 'int'(으)로 변환하면서 데이터가 손실될 수 있습니다.
c:\users\b407_11\documents\github\2019hongik_oop-2\componentbased\screen\utils.h(44): error C2398: 요소 '1': 'float'에서 'int'(으)로의 변환에는 축소 변환이 필요합니다.
c:\users\b407_11\documents\github\2019hongik_oop-2\componentbased\screen\utils.h(44): error C2398: 요소 '2': 'float'에서 'int'(으)로의 변환에는 축소 변환이 필요합니다.
c:\users\b407_11\documents\github\2019hongik_oop-2\componentbased\screen\utils.h(44): warning C4244: '인수': 'float'에서 'int'(으)로 변환하면서 데이터가 손실될 수 있습니다.
c:\users\b407_11\documents\github\2019hongik_oop-2\componentbased\screen\utils.h(65): warning C4244: '인수': 'float'에서 'int'(으)로 변환하면서 데이터가 손실될 수 있습니다.
c:\users\b407_11\documents\github\2019hongik_oop-2\componentbased\screen\utils.h(112): warning C4018: '<': signed 또는 unsigned가 일치하지 않습니다.
c:\users\b407_11\documents\github\2019hongik_oop-2\componentbased\screen\utils.h(213): warning C4244: '인수': 'const float'에서 'int'(으)로 변환하면서 데이터가 손실될 수 있습니다.
c:\users\b407_11\documents\github\2019hongik_oop-2\componentbased\screen\utils.h(217): warning C4244: '인수': 'const float'에서 'int'(으)로 변환하면서 데이터가 손실될 수 있습니다.
c:\users\b407_11\documents\github\2019hongik_oop-2\componentbased\screen\component.cpp(31): error C2511: 'Component *Component::GetComponent(std::string)': 오버로드된 멤버 함수가 'Component'에 없습니다.
  c:\users\b407_11\documents\github\2019hongik_oop-2\componentbased\screen\transform.h(6): note: 'Component' 선언을 참조하십시오.
c:\users\b407_11\documents\github\2019hongik_oop-2\componentbased\screen\component.cpp(32): error C2065: 'compList': 선언되지 않은 식별자입니다.
c:\users\b407_11\documents\github\2019hongik_oop-2\componentbased\screen\component.cpp(32): error C3312: no callable 'begin' function found for type 'unknown-type'
c:\users\b407_11\documents\github\2019hongik_oop-2\componentbased\screen\component.cpp(32): error C3312: no callable 'end' function found for type 'unknown-type'
c:\users\b407_11\documents\github\2019hongik_oop-2\componentbased\screen\component.cpp(33): error C2065: 'comp': 선언되지 않은 식별자입니다.
c:\users\b407_11\documents\github\2019hongik_oop-2\componentbased\screen\component.cpp(34): error C2065: 'comp': 선언되지 않은 식별자입니다.
c:\users\b407_11\documents\github\2019hongik_oop-2\componentbased\screen\component.cpp(40): error C2511: 'Component Component::AddComponent(std::string,Component *)': 오버로드된 멤버 함수가 'Component'에 없습니다.
  c:\users\b407_11\documents\github\2019hongik_oop-2\componentbased\screen\transform.h(6): note: 'Component' 선언을 참조하십시오.
c:\users\b407_11\documents\github\2019hongik_oop-2\componentbased\screen\component.cpp(45): error C2065: 'components': 선언되지 않은 식별자입니다.
c:\users\b407_11\documents\github\2019hongik_oop-2\componentbased\screen\component.cpp(45): error C3312: no callable 'begin' function found for type 'unknown-type'
c:\users\b407_11\documents\github\2019hongik_oop-2\componentbased\screen\component.cpp(45): error C3312: no callable 'end' function found for type 'unknown-type'
c:\users\b407_11\documents\github\2019hongik_oop-2\componentbased\screen\component.cpp(46): error C2065: 'comp': 선언되지 않은 식별자입니다.
c:\users\b407_11\documents\github\2019hongik_oop-2\componentbased\screen\component.cpp(51): error C2065: 'components': 선언되지 않은 식별자입니다.
  GameEngine.cpp
c:\users\b407_11\documents\github\2019hongik_oop-2\componentbased\screen\gameobject.h(14): error C2504: 'Component': 기본 클래스를 정의하지 않았습니다.
c:\users\b407_11\documents\github\2019hongik_oop-2\componentbased\screen\utils.h(17): warning C4244: '초기화 중': 'int'에서 'float'(으)로 변환하면서 데이터가 손실될 수 있습니다.
c:\users\b407_11\documents\github\2019hongik_oop-2\componentbased\screen\utils.h(18): warning C4244: '인수': 'const float'에서 'int'(으)로 변환하면서 데이터가 손실될 수 있습니다.
c:\users\b407_11\documents\github\2019hongik_oop-2\componentbased\screen\utils.h(36): error C2398: 요소 '1': 'float'에서 'int'(으)로의 변환에는 축소 변환이 필요합니다.
c:\users\b407_11\documents\github\2019hongik_oop-2\componentbased\screen\utils.h(36): error C2398: 요소 '2': 'float'에서 'int'(으)로의 변환에는 축소 변환이 필요합니다.
c:\users\b407_11\documents\github\2019hongik_oop-2\componentbased\screen\utils.h(36): warning C4244: '인수': 'float'에서 'int'(으)로 변환하면서 데이터가 손실될 수 있습니다.
c:\users\b407_11\documents\github\2019hongik_oop-2\componentbased\screen\utils.h(44): error C2398: 요소 '1': 'float'에서 'int'(으)로의 변환에는 축소 변환이 필요합니다.
c:\users\b407_11\documents\github\2019hongik_oop-2\componentbased\screen\utils.h(44): error C2398: 요소 '2': 'float'에서 'int'(으)로의 변환에는 축소 변환이 필요합니다.
c:\users\b407_11\documents\github\2019hongik_oop-2\componentbased\screen\utils.h(44): warning C4244: '인수': 'float'에서 'int'(으)로 변환하면서 데이터가 손실될 수 있습니다.
c:\users\b407_11\documents\github\2019hongik_oop-2\componentbased\screen\utils.h(65): warning C4244: '인수': 'float'에서 'int'(으)로 변환하면서 데이터가 손실될 수 있습니다.
c:\users\b407_11\documents\github\2019hongik_oop-2\componentbased\screen\utils.h(112): warning C4018: '<': signed 또는 unsigned가 일치하지 않습니다.
c:\users\b407_11\documents\github\2019hongik_oop-2\componentbased\screen\utils.h(213): warning C4244: '인수': 'const float'에서 'int'(으)로 변환하면서 데이터가 손실될 수 있습니다.
c:\users\b407_11\documents\github\2019hongik_oop-2\componentbased\screen\utils.h(217): warning C4244: '인수': 'const float'에서 'int'(으)로 변환하면서 데이터가 손실될 수 있습니다.
  GameObject.cpp
c:\users\b407_11\documents\github\2019hongik_oop-2\componentbased\screen\gameobject.h(14): error C2504: 'Component': 기본 클래스를 정의하지 않았습니다.
c:\users\b407_11\documents\github\2019hongik_oop-2\componentbased\screen\utils.h(17): warning C4244: '초기화 중': 'int'에서 'float'(으)로 변환하면서 데이터가 손실될 수 있습니다.
c:\users\b407_11\documents\github\2019hongik_oop-2\componentbased\screen\utils.h(18): warning C4244: '인수': 'const float'에서 'int'(으)로 변환하면서 데이터가 손실될 수 있습니다.
c:\users\b407_11\documents\github\2019hongik_oop-2\componentbased\screen\utils.h(36): error C2398: 요소 '1': 'float'에서 'int'(으)로의 변환에는 축소 변환이 필요합니다.
c:\users\b407_11\documents\github\2019hongik_oop-2\componentbased\screen\utils.h(36): error C2398: 요소 '2': 'float'에서 'int'(으)로의 변환에는 축소 변환이 필요합니다.
c:\users\b407_11\documents\github\2019hongik_oop-2\componentbased\screen\utils.h(36): warning C4244: '인수': 'float'에서 'int'(으)로 변환하면서 데이터가 손실될 수 있습니다.
c:\users\b407_11\documents\github\2019hongik_oop-2\componentbased\screen\utils.h(44): error C2398: 요소 '1': 'float'에서 'int'(으)로의 변환에는 축소 변환이 필요합니다.
c:\users\b407_11\documents\github\2019hongik_oop-2\componentbased\screen\utils.h(44): error C2398: 요소 '2': 'float'에서 'int'(으)로의 변환에는 축소 변환이 필요합니다.
c:\users\b407_11\documents\github\2019hongik_oop-2\componentbased\screen\utils.h(44): warning C4244: '인수': 'float'에서 'int'(으)로 변환하면서 데이터가 손실될 수 있습니다.
c:\users\b407_11\documents\github\2019hongik_oop-2\componentbased\screen\utils.h(65): warning C4244: '인수': 'float'에서 'int'(으)로 변환하면서 데이터가 손실될 수 있습니다.
c:\users\b407_11\documents\github\2019hongik_oop-2\componentbased\screen\utils.h(112): warning C4018: '<': signed 또는 unsigned가 일치하지 않습니다.
c:\users\b407_11\documents\github\2019hongik_oop-2\componentbased\screen\utils.h(213): warning C4244: '인수': 'const float'에서 'int'(으)로 변환하면서 데이터가 손실될 수 있습니다.
c:\users\b407_11\documents\github\2019hongik_oop-2\componentbased\screen\utils.h(217): warning C4244: '인수': 'const float'에서 'int'(으)로 변환하면서 데이터가 손실될 수 있습니다.
c:\users\b407_11\documents\github\2019hongik_oop-2\componentbased\screen\gameobject.cpp(20): error C2572: 'GameObject::GameObject': 기본 인수 재정의. 매개 변수 1
  c:\users\b407_11\documents\github\2019hongik_oop-2\componentbased\screen\gameobject.h(30): note: 'GameObject::GameObject' 선언을 참조하십시오.
c:\users\b407_11\documents\github\2019hongik_oop-2\componentbased\screen\gameobject.cpp(20): error C2572: 'GameObject::GameObject': 기본 인수 재정의. 매개 변수 2
  c:\users\b407_11\documents\github\2019hongik_oop-2\componentbased\screen\gameobject.h(30): note: 'GameObject::GameObject' 선언을 참조하십시오.
c:\users\b407_11\documents\github\2019hongik_oop-2\componentbased\screen\gameobject.cpp(22): error C2512: 'Transform': 사용할 수 있는 적절한 기본 생성자가 없습니다.
  main.cpp
c:\users\b407_11\documents\github\2019hongik_oop-2\componentbased\screen\gameobject.h(14): error C2504: 'Component': 기본 클래스를 정의하지 않았습니다.
c:\users\b407_11\documents\github\2019hongik_oop-2\componentbased\screen\utils.h(17): warning C4244: '초기화 중': 'int'에서 'float'(으)로 변환하면서 데이터가 손실될 수 있습니다.
c:\users\b407_11\documents\github\2019hongik_oop-2\componentbased\screen\utils.h(18): warning C4244: '인수': 'const float'에서 'int'(으)로 변환하면서 데이터가 손실될 수 있습니다.
c:\users\b407_11\documents\github\2019hongik_oop-2\componentbased\screen\utils.h(36): error C2398: 요소 '1': 'float'에서 'int'(으)로의 변환에는 축소 변환이 필요합니다.
c:\users\b407_11\documents\github\2019hongik_oop-2\componentbased\screen\utils.h(36): error C2398: 요소 '2': 'float'에서 'int'(으)로의 변환에는 축소 변환이 필요합니다.
c:\users\b407_11\documents\github\2019hongik_oop-2\componentbased\screen\utils.h(36): warning C4244: '인수': 'float'에서 'int'(으)로 변환하면서 데이터가 손실될 수 있습니다.
c:\users\b407_11\documents\github\2019hongik_oop-2\componentbased\screen\utils.h(44): error C2398: 요소 '1': 'float'에서 'int'(으)로의 변환에는 축소 변환이 필요합니다.
c:\users\b407_11\documents\github\2019hongik_oop-2\componentbased\screen\utils.h(44): error C2398: 요소 '2': 'float'에서 'int'(으)로의 변환에는 축소 변환이 필요합니다.
c:\users\b407_11\documents\github\2019hongik_oop-2\componentbased\screen\utils.h(44): warning C4244: '인수': 'float'에서 'int'(으)로 변환하면서 데이터가 손실될 수 있습니다.
c:\users\b407_11\documents\github\2019hongik_oop-2\componentbased\screen\utils.h(65): warning C4244: '인수': 'float'에서 'int'(으)로 변환하면서 데이터가 손실될 수 있습니다.
c:\users\b407_11\documents\github\2019hongik_oop-2\componentbased\screen\utils.h(112): warning C4018: '<': signed 또는 unsigned가 일치하지 않습니다.
c:\users\b407_11\documents\github\2019hongik_oop-2\componentbased\screen\utils.h(213): warning C4244: '인수': 'const float'에서 'int'(으)로 변환하면서 데이터가 손실될 수 있습니다.
c:\users\b407_11\documents\github\2019hongik_oop-2\componentbased\screen\utils.h(217): warning C4244: '인수': 'const float'에서 'int'(으)로 변환하면서 데이터가 손실될 수 있습니다.
  MyScript.cpp
c:\users\b407_11\documents\github\2019hongik_oop-2\componentbased\screen\component.h(14): error C3646: 'compName': 알 수 없는 재정의 지정자입니다.
c:\users\b407_11\documents\github\2019hongik_oop-2\componentbased\screen\component.h(14): error C4430: 형식 지정자가 없습니다. int로 가정합니다. 참고: C++에서는 기본 int를 지원하지 않습니다.
c:\users\b407_11\documents\github\2019hongik_oop-2\componentbased\screen\component.h(17): error C2143: 구문 오류: ';'이(가) '<' 앞에 없습니다.
c:\users\b407_11\documents\github\2019hongik_oop-2\componentbased\screen\component.h(17): error C4430: 형식 지정자가 없습니다. int로 가정합니다. 참고: C++에서는 기본 int를 지원하지 않습니다.
c:\users\b407_11\documents\github\2019hongik_oop-2\componentbased\screen\component.h(17): error C2238: ';' 앞에 예기치 않은 토큰이 있습니다.
c:\users\b407_11\documents\github\2019hongik_oop-2\componentbased\screen\component.h(28): error C2061: 구문 오류: 식별자 'string'
c:\users\b407_11\documents\github\2019hongik_oop-2\componentbased\screen\component.h(30): error C2061: 구문 오류: 식별자 'string'
c:\users\b407_11\documents\github\2019hongik_oop-2\componentbased\screen\component.h(33): error C2143: 구문 오류: ';'이(가) '<' 앞에 없습니다.
c:\users\b407_11\documents\github\2019hongik_oop-2\componentbased\screen\component.h(33): error C4430: 형식 지정자가 없습니다. int로 가정합니다. 참고: C++에서는 기본 int를 지원하지 않습니다.
c:\users\b407_11\documents\github\2019hongik_oop-2\componentbased\screen\component.h(33): error C2086: 'int Component::vector': 재정의
  c:\users\b407_11\documents\github\2019hongik_oop-2\componentbased\screen\component.h(17): note: 'Component::vector' 선언을 참조하십시오.
c:\users\b407_11\documents\github\2019hongik_oop-2\componentbased\screen\component.h(33): error C2238: ';' 앞에 예기치 않은 토큰이 있습니다.
c:\users\b407_11\documents\github\2019hongik_oop-2\componentbased\screen\gameobject.h(24): error C2143: 구문 오류: ';'이(가) '<' 앞에 없습니다.
c:\users\b407_11\documents\github\2019hongik_oop-2\componentbased\screen\gameobject.h(24): error C4430: 형식 지정자가 없습니다. int로 가정합니다. 참고: C++에서는 기본 int를 지원하지 않습니다.
c:\users\b407_11\documents\github\2019hongik_oop-2\componentbased\screen\gameobject.h(24): error C2238: ';' 앞에 예기치 않은 토큰이 있습니다.
c:\users\b407_11\documents\github\2019hongik_oop-2\componentbased\screen\gameobject.h(25): error C2143: 구문 오류: ';'이(가) '<' 앞에 없습니다.
c:\users\b407_11\documents\github\2019hongik_oop-2\componentbased\screen\gameobject.h(25): error C4430: 형식 지정자가 없습니다. int로 가정합니다. 참고: C++에서는 기본 int를 지원하지 않습니다.
c:\users\b407_11\documents\github\2019hongik_oop-2\componentbased\screen\gameobject.h(25): error C2086: 'int GameObject::vector': 재정의
  c:\users\b407_11\documents\github\2019hongik_oop-2\componentbased\screen\gameobject.h(24): note: 'GameObject::vector' 선언을 참조하십시오.
c:\users\b407_11\documents\github\2019hongik_oop-2\componentbased\screen\gameobject.h(25): error C2238: ';' 앞에 예기치 않은 토큰이 있습니다.
c:\users\b407_11\documents\github\2019hongik_oop-2\componentbased\screen\gameobject.h(26): error C2143: 구문 오류: ';'이(가) '<' 앞에 없습니다.
c:\users\b407_11\documents\github\2019hongik_oop-2\componentbased\screen\gameobject.h(26): error C4430: 형식 지정자가 없습니다. int로 가정합니다. 참고: C++에서는 기본 int를 지원하지 않습니다.
c:\users\b407_11\documents\github\2019hongik_oop-2\componentbased\screen\gameobject.h(26): error C2238: ';' 앞에 예기치 않은 토큰이 있습니다.
  Transform.cpp
c:\users\b407_11\documents\github\2019hongik_oop-2\componentbased\screen\component.h(14): error C3646: 'compName': 알 수 없는 재정의 지정자입니다.
c:\users\b407_11\documents\github\2019hongik_oop-2\componentbased\screen\component.h(14): error C4430: 형식 지정자가 없습니다. int로 가정합니다. 참고: C++에서는 기본 int를 지원하지 않습니다.
c:\users\b407_11\documents\github\2019hongik_oop-2\componentbased\screen\component.h(17): error C2143: 구문 오류: ';'이(가) '<' 앞에 없습니다.
c:\users\b407_11\documents\github\2019hongik_oop-2\componentbased\screen\component.h(17): error C4430: 형식 지정자가 없습니다. int로 가정합니다. 참고: C++에서는 기본 int를 지원하지 않습니다.
c:\users\b407_11\documents\github\2019hongik_oop-2\componentbased\screen\component.h(17): error C2238: ';' 앞에 예기치 않은 토큰이 있습니다.
c:\users\b407_11\documents\github\2019hongik_oop-2\componentbased\screen\component.h(28): error C2061: 구문 오류: 식별자 'string'
c:\users\b407_11\documents\github\2019hongik_oop-2\componentbased\screen\component.h(30): error C2061: 구문 오류: 식별자 'string'
c:\users\b407_11\documents\github\2019hongik_oop-2\componentbased\screen\component.h(33): error C2143: 구문 오류: ';'이(가) '<' 앞에 없습니다.
c:\users\b407_11\documents\github\2019hongik_oop-2\componentbased\screen\component.h(33): error C4430: 형식 지정자가 없습니다. int로 가정합니다. 참고: C++에서는 기본 int를 지원하지 않습니다.
c:\users\b407_11\documents\github\2019hongik_oop-2\componentbased\screen\component.h(33): error C2086: 'int Component::vector': 재정의
  c:\users\b407_11\documents\github\2019hongik_oop-2\componentbased\screen\component.h(17): note: 'Component::vector' 선언을 참조하십시오.
c:\users\b407_11\documents\github\2019hongik_oop-2\componentbased\screen\component.h(33): error C2238: ';' 앞에 예기치 않은 토큰이 있습니다.
c:\users\b407_11\documents\github\2019hongik_oop-2\componentbased\screen\utils.h(17): warning C4244: '초기화 중': 'int'에서 'float'(으)로 변환하면서 데이터가 손실될 수 있습니다.
c:\users\b407_11\documents\github\2019hongik_oop-2\componentbased\screen\utils.h(18): warning C4244: '인수': 'const float'에서 'int'(으)로 변환하면서 데이터가 손실될 수 있습니다.
c:\users\b407_11\documents\github\2019hongik_oop-2\componentbased\screen\utils.h(36): error C2398: 요소 '1': 'float'에서 'int'(으)로의 변환에는 축소 변환이 필요합니다.
c:\users\b407_11\documents\github\2019hongik_oop-2\componentbased\screen\utils.h(36): error C2398: 요소 '2': 'float'에서 'int'(으)로의 변환에는 축소 변환이 필요합니다.
c:\users\b407_11\documents\github\2019hongik_oop-2\componentbased\screen\utils.h(36): warning C4244: '인수': 'float'에서 'int'(으)로 변환하면서 데이터가 손실될 수 있습니다.
c:\users\b407_11\documents\github\2019hongik_oop-2\componentbased\screen\utils.h(44): error C2398: 요소 '1': 'float'에서 'int'(으)로의 변환에는 축소 변환이 필요합니다.
c:\users\b407_11\documents\github\2019hongik_oop-2\componentbased\screen\utils.h(44): error C2398: 요소 '2': 'float'에서 'int'(으)로의 변환에는 축소 변환이 필요합니다.
c:\users\b407_11\documents\github\2019hongik_oop-2\componentbased\screen\utils.h(44): warning C4244: '인수': 'float'에서 'int'(으)로 변환하면서 데이터가 손실될 수 있습니다.
c:\users\b407_11\documents\github\2019hongik_oop-2\componentbased\screen\utils.h(65): warning C4244: '인수': 'float'에서 'int'(으)로 변환하면서 데이터가 손실될 수 있습니다.
c:\users\b407_11\documents\github\2019hongik_oop-2\componentbased\screen\utils.h(112): warning C4018: '<': signed 또는 unsigned가 일치하지 않습니다.
c:\users\b407_11\documents\github\2019hongik_oop-2\componentbased\screen\utils.h(213): warning C4244: '인수': 'const float'에서 'int'(으)로 변환하면서 데이터가 손실될 수 있습니다.
c:\users\b407_11\documents\github\2019hongik_oop-2\componentbased\screen\utils.h(217): warning C4244: '인수': 'const float'에서 'int'(으)로 변환하면서 데이터가 손실될 수 있습니다.
c:\users\b407_11\documents\github\2019hongik_oop-2\componentbased\screen\gameobject.h(24): error C2143: 구문 오류: ';'이(가) '<' 앞에 없습니다.
c:\users\b407_11\documents\github\2019hongik_oop-2\componentbased\screen\gameobject.h(24): error C4430: 형식 지정자가 없습니다. int로 가정합니다. 참고: C++에서는 기본 int를 지원하지 않습니다.
c:\users\b407_11\documents\github\2019hongik_oop-2\componentbased\screen\gameobject.h(24): error C2238: ';' 앞에 예기치 않은 토큰이 있습니다.
c:\users\b407_11\documents\github\2019hongik_oop-2\componentbased\screen\gameobject.h(25): error C2143: 구문 오류: ';'이(가) '<' 앞에 없습니다.
c:\users\b407_11\documents\github\2019hongik_oop-2\componentbased\screen\gameobject.h(25): error C4430: 형식 지정자가 없습니다. int로 가정합니다. 참고: C++에서는 기본 int를 지원하지 않습니다.
c:\users\b407_11\documents\github\2019hongik_oop-2\componentbased\screen\gameobject.h(25): error C2086: 'int GameObject::vector': 재정의
  c:\users\b407_11\documents\github\2019hongik_oop-2\componentbased\screen\gameobject.h(24): note: 'GameObject::vector' 선언을 참조하십시오.
c:\users\b407_11\documents\github\2019hongik_oop-2\componentbased\screen\gameobject.h(25): error C2238: ';' 앞에 예기치 않은 토큰이 있습니다.
c:\users\b407_11\documents\github\2019hongik_oop-2\componentbased\screen\gameobject.h(26): error C2143: 구문 오류: ';'이(가) '<' 앞에 없습니다.
c:\users\b407_11\documents\github\2019hongik_oop-2\componentbased\screen\gameobject.h(26): error C4430: 형식 지정자가 없습니다. int로 가정합니다. 참고: C++에서는 기본 int를 지원하지 않습니다.
c:\users\b407_11\documents\github\2019hongik_oop-2\componentbased\screen\gameobject.h(26): error C2238: ';' 앞에 예기치 않은 토큰이 있습니다.
c:\users\b407_11\documents\github\2019hongik_oop-2\componentbased\screen\transform.cpp(9): error C2572: 'Transform::Transform': 기본 인수 재정의. 매개 변수 1
  c:\users\b407_11\documents\github\2019hongik_oop-2\componentbased\screen\transform.h(23): note: 'Transform::Transform' 선언을 참조하십시오.
c:\users\b407_11\documents\github\2019hongik_oop-2\componentbased\screen\transform.cpp(10): error C2572: 'Transform::Transform': 기본 인수 재정의. 매개 변수 2
  c:\users\b407_11\documents\github\2019hongik_oop-2\componentbased\screen\transform.h(23): note: 'Transform::Transform' 선언을 참조하십시오.
c:\users\b407_11\documents\github\2019hongik_oop-2\componentbased\screen\transform.cpp(11): error C2572: 'Transform::Transform': 기본 인수 재정의. 매개 변수 3
  c:\users\b407_11\documents\github\2019hongik_oop-2\componentbased\screen\transform.h(23): note: 'Transform::Transform' 선언을 참조하십시오.
  코드를 생성하고 있습니다...
